# JRE version: OpenJDK Runtime Environment (8.0_152-b02) (build 1.8.0_152-release-1024-b02)
# Java VM: OpenJDK 64-Bit Server VM (25.152-b02 mixed mode windows-amd64 compressed oops)
Heap:
 PSYoungGen      total 295424K, used 86959K [0x00000000e0000000, 0x00000000f5500000, 0x0000000100000000)
  eden space 270336K, 29% used [0x00000000e0000000,0x00000000e4d80a38,0x00000000f0800000)
  from space 25088K, 30% used [0x00000000f0800000,0x00000000f0f6b2b0,0x00000000f2080000)
  to   space 24576K, 0% used [0x00000000f3d00000,0x00000000f3d00000,0x00000000f5500000)
 ParOldGen       total 235520K, used 78938K [0x00000000a0000000, 0x00000000ae600000, 0x00000000e0000000)
  object space 235520K, 33% used [0x00000000a0000000,0x00000000a4d168c0,0x00000000ae600000)
 Metaspace       used 101433K, capacity 106402K, committed 106456K, reserved 1142784K
  class space    used 13026K, capacity 14058K, committed 14080K, reserved 1048576K
GC Heap History (10 events):
Event: 212.378 GC heap before
{Heap before GC invocations=25 (full 3):
 PSYoungGen      total 251904K, used 148100K [0x00000000e0000000, 0x00000000f1e80000, 0x0000000100000000)
  eden space 227840K, 58% used [0x00000000e0000000,0x00000000e8178570,0x00000000ede80000)
  from space 24064K, 64% used [0x00000000ede80000,0x00000000eeda8ba0,0x00000000ef600000)
  to   space 24064K, 0% used [0x00000000f0700000,0x00000000f0700000,0x00000000f1e80000)
 ParOldGen       total 149504K, used 74117K [0x00000000a0000000, 0x00000000a9200000, 0x00000000e0000000)
  object space 149504K, 49% used [0x00000000a0000000,0x00000000a4861658,0x00000000a9200000)
 Metaspace       used 93947K, capacity 98222K, committed 98264K, reserved 1134592K
  class space    used 12128K, capacity 13042K, committed 13056K, reserved 1048576K
Event: 212.401 GC heap after
Heap after GC invocations=25 (full 3):
 PSYoungGen      total 266240K, used 21883K [0x00000000e0000000, 0x00000000f1f80000, 0x0000000100000000)
  eden space 242176K, 0% used [0x00000000e0000000,0x00000000e0000000,0x00000000eec80000)
  from space 24064K, 90% used [0x00000000f0700000,0x00000000f1c5ef88,0x00000000f1e80000)
  to   space 26112K, 0% used [0x00000000eec80000,0x00000000eec80000,0x00000000f0600000)
 ParOldGen       total 149504K, used 74125K [0x00000000a0000000, 0x00000000a9200000, 0x00000000e0000000)
  object space 149504K, 49% used [0x00000000a0000000,0x00000000a4863658,0x00000000a9200000)
 Metaspace       used 93947K, capacity 98222K, committed 98264K, reserved 1134592K
  class space    used 12128K, capacity 13042K, committed 13056K, reserved 1048576K
}
Event: 212.401 GC heap before
{Heap before GC invocations=26 (full 4):
 PSYoungGen      total 266240K, used 21883K [0x00000000e0000000, 0x00000000f1f80000, 0x0000000100000000)
  eden space 242176K, 0% used [0x00000000e0000000,0x00000000e0000000,0x00000000eec80000)
  from space 24064K, 90% used [0x00000000f0700000,0x00000000f1c5ef88,0x00000000f1e80000)
  to   space 26112K, 0% used [0x00000000eec80000,0x00000000eec80000,0x00000000f0600000)
 ParOldGen       total 149504K, used 74125K [0x00000000a0000000, 0x00000000a9200000, 0x00000000e0000000)
  object space 149504K, 49% used [0x00000000a0000000,0x00000000a4863658,0x00000000a9200000)
 Metaspace       used 93947K, capacity 98222K, committed 98264K, reserved 1134592K
  class space    used 12128K, capacity 13042K, committed 13056K, reserved 1048576K
Event: 213.414 GC heap after
Heap after GC invocations=26 (full 4):
 PSYoungGen      total 266240K, used 0K [0x00000000e0000000, 0x00000000f1f80000, 0x0000000100000000)
  eden space 242176K, 0% used [0x00000000e0000000,0x00000000e0000000,0x00000000eec80000)
  from space 24064K, 0% used [0x00000000f0700000,0x00000000f0700000,0x00000000f1e80000)
  to   space 26112K, 0% used [0x00000000eec80000,0x00000000eec80000,0x00000000f0600000)
 ParOldGen       total 235520K, used 78914K [0x00000000a0000000, 0x00000000ae600000, 0x00000000e0000000)
  object space 235520K, 33% used [0x00000000a0000000,0x00000000a4d108c0,0x00000000ae600000)
 Metaspace       used 93863K, capacity 97978K, committed 98264K, reserved 1134592K
  class space    used 12099K, capacity 12996K, committed 13056K, reserved 1048576K
}
Event: 215.463 GC heap before
{Heap before GC invocations=27 (full 4):
 PSYoungGen      total 266240K, used 242176K [0x00000000e0000000, 0x00000000f1f80000, 0x0000000100000000)
  eden space 242176K, 100% used [0x00000000e0000000,0x00000000eec80000,0x00000000eec80000)
  from space 24064K, 0% used [0x00000000f0700000,0x00000000f0700000,0x00000000f1e80000)
  to   space 26112K, 0% used [0x00000000eec80000,0x00000000eec80000,0x00000000f0600000)
 ParOldGen       total 235520K, used 78914K [0x00000000a0000000, 0x00000000ae600000, 0x00000000e0000000)
  object space 235520K, 33% used [0x00000000a0000000,0x00000000a4d108c0,0x00000000ae600000)
 Metaspace       used 100411K, capacity 105132K, committed 105432K, reserved 1140736K
  class space    used 12970K, capacity 13979K, committed 14080K, reserved 1048576K
Event: 215.533 GC heap after
Heap after GC invocations=27 (full 4):
 PSYoungGen      total 268288K, used 13088K [0x00000000e0000000, 0x00000000f3900000, 0x0000000100000000)
  eden space 242176K, 0% used [0x00000000e0000000,0x00000000e0000000,0x00000000eec80000)
  from space 26112K, 50% used [0x00000000eec80000,0x00000000ef948208,0x00000000f0600000)
  to   space 25088K, 0% used [0x00000000f2080000,0x00000000f2080000,0x00000000f3900000)
 ParOldGen       total 235520K, used 78922K [0x00000000a0000000, 0x00000000ae600000, 0x00000000e0000000)
  object space 235520K, 33% used [0x00000000a0000000,0x00000000a4d128c0,0x00000000ae600000)
 Metaspace       used 100411K, capacity 105132K, committed 105432K, reserved 1140736K
  class space    used 12970K, capacity 13979K, committed 14080K, reserved 1048576K
}
Event: 216.306 GC heap before
{Heap before GC invocations=28 (full 4):
 PSYoungGen      total 268288K, used 255264K [0x00000000e0000000, 0x00000000f3900000, 0x0000000100000000)
  eden space 242176K, 100% used [0x00000000e0000000,0x00000000eec80000,0x00000000eec80000)
  from space 26112K, 50% used [0x00000000eec80000,0x00000000ef948208,0x00000000f0600000)
  to   space 25088K, 0% used [0x00000000f2080000,0x00000000f2080000,0x00000000f3900000)
 ParOldGen       total 235520K, used 78922K [0x00000000a0000000, 0x00000000ae600000, 0x00000000e0000000)
  object space 235520K, 33% used [0x00000000a0000000,0x00000000a4d128c0,0x00000000ae600000)
 Metaspace       used 100766K, capacity 105682K, committed 105944K, reserved 1140736K
  class space    used 13023K, capacity 14058K, committed 14080K, reserved 1048576K
Event: 216.332 GC heap after
Heap after GC invocations=28 (full 4):
 PSYoungGen      total 295424K, used 9273K [0x00000000e0000000, 0x00000000f4300000, 0x0000000100000000)
  eden space 270336K, 0% used [0x00000000e0000000,0x00000000e0000000,0x00000000f0800000)
  from space 25088K, 36% used [0x00000000f2080000,0x00000000f298e5f0,0x00000000f3900000)
  to   space 25088K, 0% used [0x00000000f0800000,0x00000000f0800000,0x00000000f2080000)
 ParOldGen       total 235520K, used 78930K [0x00000000a0000000, 0x00000000ae600000, 0x00000000e0000000)
  object space 235520K, 33% used [0x00000000a0000000,0x00000000a4d148c0,0x00000000ae600000)
 Metaspace       used 100766K, capacity 105682K, committed 105944K, reserved 1140736K
  class space    used 13023K, capacity 14058K, committed 14080K, reserved 1048576K
}
Event: 218.168 GC heap before
{Heap before GC invocations=29 (full 4):
 PSYoungGen      total 295424K, used 279609K [0x00000000e0000000, 0x00000000f4300000, 0x0000000100000000)
  eden space 270336K, 100% used [0x00000000e0000000,0x00000000f0800000,0x00000000f0800000)
  from space 25088K, 36% used [0x00000000f2080000,0x00000000f298e5f0,0x00000000f3900000)
  to   space 25088K, 0% used [0x00000000f0800000,0x00000000f0800000,0x00000000f2080000)
 ParOldGen       total 235520K, used 78930K [0x00000000a0000000, 0x00000000ae600000, 0x00000000e0000000)
  object space 235520K, 33% used [0x00000000a0000000,0x00000000a4d148c0,0x00000000ae600000)
 Metaspace       used 101409K, capacity 106402K, committed 106456K, reserved 1142784K
  class space    used 13026K, capacity 14058K, committed 14080K, reserved 1048576K
Event: 218.185 GC heap after
Heap after GC invocations=29 (full 4):
 PSYoungGen      total 295424K, used 7596K [0x00000000e0000000, 0x00000000f5500000, 0x0000000100000000)
  eden space 270336K, 0% used [0x00000000e0000000,0x00000000e0000000,0x00000000f0800000)
  from space 25088K, 30% used [0x00000000f0800000,0x00000000f0f6b2b0,0x00000000f2080000)
  to   space 24576K, 0% used [0x00000000f3d00000,0x00000000f3d00000,0x00000000f5500000)
 ParOldGen       total 235520K, used 78938K [0x00000000a0000000, 0x00000000ae600000, 0x00000000e0000000)
  object space 235520K, 33% used [0x00000000a0000000,0x00000000a4d168c0,0x00000000ae600000)
 Metaspace       used 101409K, capacity 106402K, committed 106456K, reserved 1142784K
  class space    used 13026K, capacity 14058K, committed 14080K, reserved 1048576K
}

